<?xml version="1.0" encoding="UTF-8"?>
<testng-results skipped="0" failed="0" ignored="0" total="1" passed="1">
  <reporter-output>
  </reporter-output>
  <suite name="Default suite" duration-ms="23451" started-at="2019-03-21T05:11:04Z" finished-at="2019-03-21T05:11:28Z">
    <groups>
      <group name="cucumber">
        <method signature="AbstractTestNGCucumberTests.runScenario(cucumber.api.testng.PickleEventWrapper, cucumber.api.testng.CucumberFeatureWrapper)[pri:0, instance:runner.Start_Runner@5cb9f472]" name="runScenario" class="cucumber.api.testng.AbstractTestNGCucumberTests"/>
      </group> <!-- cucumber -->
    </groups>
    <test name="Default test" duration-ms="23451" started-at="2019-03-21T05:11:04Z" finished-at="2019-03-21T05:11:28Z">
      <class name="runner.Start_Runner">
        <test-method status="PASS" signature="setUpClass()[pri:0, instance:runner.Start_Runner@5cb9f472]" name="setUpClass" is-config="true" duration-ms="375" started-at="2019-03-21T05:11:04Z" finished-at="2019-03-21T05:11:05Z">
          <reporter-output>
          </reporter-output>
        </test-method> <!-- setUpClass -->
        <test-method status="PASS" signature="runScenario(cucumber.api.testng.PickleEventWrapper, cucumber.api.testng.CucumberFeatureWrapper)[pri:0, instance:runner.Start_Runner@5cb9f472]" name="runScenario" duration-ms="22898" started-at="2019-03-21T05:11:05Z" description="Runs Cucumber Scenarios" data-provider="scenarios" finished-at="2019-03-21T05:11:28Z">
          <params>
            <param index="0">
              <value>
                <![CDATA["Create Lead"]]>
              </value>
            </param>
            <param index="1">
              <value>
                <![CDATA["my feature file"]]>
              </value>
            </param>
          </params>
          <reporter-output>
          </reporter-output>
        </test-method> <!-- runScenario -->
        <test-method status="PASS" signature="tearDownClass()[pri:0, instance:runner.Start_Runner@5cb9f472]" name="tearDownClass" is-config="true" duration-ms="28" started-at="2019-03-21T05:11:28Z" finished-at="2019-03-21T05:11:28Z">
          <reporter-output>
          </reporter-output>
        </test-method> <!-- tearDownClass -->
      </class> <!-- runner.Start_Runner -->
    </test> <!-- Default test -->
  </suite> <!-- Default suite -->
</testng-results>
