<?xml version="1.0" encoding="UTF-8"?>
<testng-results skipped="0" failed="0" ignored="0" total="1" passed="1">
  <reporter-output>
  </reporter-output>
  <suite name="Suite" duration-ms="39949" started-at="2019-03-23T07:21:36Z" finished-at="2019-03-23T07:22:16Z">
    <groups>
    </groups>
    <test name="Test" duration-ms="39949" started-at="2019-03-23T07:21:36Z" finished-at="2019-03-23T07:22:16Z">
      <class name="testCases.Delete_Lead_TestCase">
        <test-method status="PASS" signature="setData()[pri:0, instance:testCases.Delete_Lead_TestCase@553f17c]" name="setData" is-config="true" duration-ms="31" started-at="2019-03-23T07:21:36Z" finished-at="2019-03-23T07:21:36Z">
          <reporter-output>
          </reporter-output>
        </test-method> <!-- setData -->
        <test-method status="PASS" signature="login_Confiquaration(java.lang.String)[pri:0, instance:testCases.Delete_Lead_TestCase@553f17c]" name="login_Confiquaration" is-config="true" duration-ms="6044" started-at="2019-03-23T07:21:38Z" finished-at="2019-03-23T07:21:44Z">
          <params>
            <param index="0">
              <value>
                <![CDATA[http://leaftaps.com/opentaps/control/main]]>
              </value>
            </param>
          </params>
          <reporter-output>
          </reporter-output>
        </test-method> <!-- login_Confiquaration -->
        <test-method status="PASS" signature="delet_Lead(java.lang.String, java.lang.String, java.lang.String)[pri:0, instance:testCases.Delete_Lead_TestCase@553f17c]" name="delet_Lead" duration-ms="29978" started-at="2019-03-23T07:21:44Z" data-provider="inputdata" finished-at="2019-03-23T07:22:14Z">
          <params>
            <param index="0">
              <value>
                <![CDATA[demosalesmanager]]>
              </value>
            </param>
            <param index="1">
              <value>
                <![CDATA[crmsfa]]>
              </value>
            </param>
            <param index="2">
              <value>
                <![CDATA[madhavanramlingam@gmail.com]]>
              </value>
            </param>
          </params>
          <reporter-output>
          </reporter-output>
        </test-method> <!-- delet_Lead -->
        <test-method status="PASS" signature="closeBrowser()[pri:0, instance:testCases.Delete_Lead_TestCase@553f17c]" name="closeBrowser" is-config="true" duration-ms="2169" started-at="2019-03-23T07:22:14Z" finished-at="2019-03-23T07:22:16Z">
          <reporter-output>
          </reporter-output>
        </test-method> <!-- closeBrowser -->
      </class> <!-- testCases.Delete_Lead_TestCase -->
    </test> <!-- Test -->
  </suite> <!-- Suite -->
</testng-results>
