<?xml version="1.0" encoding="UTF-8"?>
<!-- Generated by org.testng.reporters.JUnitXMLReporter -->
<testsuite hostname="HTSLAP42" ignored="0" name="createLead" tests="1" failures="1" timestamp="17 Mar 2019 07:13:42 GMT" time="2.129" errors="0">
  <testcase name="CreateLeads" time="2.02" classname="testCases.Creaet_Lead_TestCase">
    <failure type="org.testng.internal.reflect.MethodMatcherException" message="
Data provider mismatch
Method: CreateLeads([Parameter{index=0, type=java.lang.String, declaredAnnotations=[]}, Parameter{index=1, type=java.lang.String, declaredAnnotations=[]}, Parameter{index=2, type=java.lang.String, declaredAnnotations=[]}, Parameter{index=3, type=java.lang.String, declaredAnnotations=[]}, Parameter{index=4, type=java.lang.String, declaredAnnotations=[]}])
Arguments: [(java.lang.String) hexacorp,(java.lang.String) Keerthana,(java.lang.String) Ramesh]">
      <![CDATA[org.testng.internal.reflect.MethodMatcherException: 
Data provider mismatch
Method: CreateLeads([Parameter{index=0, type=java.lang.String, declaredAnnotations=[]}, Parameter{index=1, type=java.lang.String, declaredAnnotations=[]}, Parameter{index=2, type=java.lang.String, declaredAnnotations=[]}, Parameter{index=3, type=java.lang.String, declaredAnnotations=[]}, Parameter{index=4, type=java.lang.String, declaredAnnotations=[]}])
Arguments: [(java.lang.String) hexacorp,(java.lang.String) Keerthana,(java.lang.String) Ramesh]
... Removed 20 stack frames]]>
    </failure>
  </testcase> <!-- CreateLeads -->
</testsuite> <!-- createLead -->
