<?xml version="1.0" encoding="UTF-8"?>
<!-- Generated by org.testng.reporters.JUnitXMLReporter -->
<testsuite hostname="HTSLAP42" ignored="1" name="learnAttributes" tests="3" failures="0" timestamp="10 Mar 2019 08:44:22 GMT" time="83.4" errors="0">
  <testcase name="create_lead" time="19.7" classname="week5.day1.Learningtestng.Create_Lead"/>
  <testcase name="create_lead" time="17.439" classname="week5.day1.Learningtestng.Create_Lead"/>
  <testcase name="edit_Lead" time="24.595" classname="week5.day1.Learningtestng.Edit_Lead"/>
  <testcase name="merge_Lead" time="0.0" classname="week5.day1.Learningtestng.Merge_Lead">
    <ignored/>
  </testcase> <!-- merge_Lead -->
</testsuite> <!-- learnAttributes -->
